<?xml version="1.0" encoding="utf-8"?><testsuites name="pytest tests"><testsuite name="pytest" errors="0" failures="0" skipped="0" tests="3" time="3.946" timestamp="2026-09-24T13:12:02.203358+00:00" hostname="agent-env-e199ee4e-37bb-4406-85d0-bb113057801e"><testcase classname="tests.test_drive_api" name="test_health" time="0.215" /><testcase classname="tests.test_drive_api" name="test_resolve_public_folder_and_cache" time="3.095" /><testcase classname="tests.test_drive_api" name="test_invalid_link_returns_portuguese_detail" time="0.313" /></testsuite></testsuites>