<?xml version="1.0" encoding="utf-8"?><testsuites name="pytest tests"><testsuite name="pytest" errors="0" failures="0" skipped="0" tests="7" time="3.101" timestamp="2026-09-24T14:17:30.405559+00:00" hostname="agent-env-e199ee4e-37bb-4406-85d0-bb113057801e"><testcase classname="tests.test_heartbeat.TestHeartbeatURLPreservation" name="test_existing_query_preserved" time="0.450" /><testcase classname="tests.test_heartbeat.TestHeartbeatFalacom" name="test_plain_code" time="0.911" /><testcase classname="tests.test_heartbeat.TestHeartbeatURLPreservation" name="test_existing_codigo_is_replaced" time="0.298" /><testcase classname="tests.test_heartbeat.TestHeartbeatValidation" name="test_invalid_server_url" time="0.135" /><testcase classname="tests.test_heartbeat.TestHeartbeatFalacom" name="test_surrounding_spaces" time="0.653" /><testcase classname="tests.test_heartbeat.TestHeartbeatFalacom" name="test_zero_width_space" time="0.625" /><testcase classname="tests.test_heartbeat.TestHeartbeatFalacom" name="test_tabs_newlines" time="0.582" /></testsuite></testsuites>