<?xml version="1.0" encoding="utf-8"?><testsuites name="pytest tests"><testsuite name="pytest" errors="0" failures="0" skipped="0" tests="8" time="11.425" timestamp="2026-09-24T13:30:16.441597+00:00" hostname="agent-env-e199ee4e-37bb-4406-85d0-bb113057801e"><testcase classname="tests.test_bugs_iteration4" name="test_health_ok" time="0.267" /><testcase classname="tests.test_bugs_iteration4" name="test_drive_resolve_tiny_folder" time="1.339" /><testcase classname="tests.test_bugs_iteration4" name="test_heartbeat_success_to_falacom" time="6.929" /><testcase classname="tests.test_bugs_iteration4" name="test_heartbeat_invalid_url_returns_400_portuguese" time="0.297" /><testcase classname="tests.test_bugs_iteration4" name="test_heartbeat_non2xx_upstream_returns_ok_false" time="0.397" /><testcase classname="tests.test_bugs_iteration4" name="test_drive_stream_valid_file_returns_image" time="1.484" /><testcase classname="tests.test_bugs_iteration4" name="test_drive_stream_invalid_id_returns_400_portuguese" time="0.152" /><testcase classname="tests.test_bugs_iteration4" name="test_drive_stream_nonexistent_wellformed_id_returns_4xx" time="0.250" /></testsuite></testsuites>