<?xml version="1.0" encoding="utf-8"?><testsuites name="pytest tests"><testsuite name="pytest" errors="0" failures="0" skipped="0" tests="3" time="3.407" timestamp="2026-09-22T20:05:05.479748+00:00" hostname="agent-env-a0d9b48d-10b0-4265-bb5e-5932dad84994"><testcase classname="tests.test_drive_api" name="test_health" time="0.392" /><testcase classname="tests.test_drive_api" name="test_resolve_public_folder_and_cache" time="2.387" /><testcase classname="tests.test_drive_api" name="test_invalid_link_returns_portuguese_detail" time="0.312" /></testsuite></testsuites>